Arguments: 
  /usr/local/Cellar/node/19.7.0/bin/node /usr/local/Cellar/yarn/1.22.19/libexec/bin/yarn.js add --dev prisma@latest │

PATH: 
  ~/Library/pnpm:/Users/Parin/.yarn/bin:/Users/Parin/.config/yarn/global/node_modules/.bin:/usr/local/bin:/System/Cryptexes/App/usr/bin:/usr/bin:/bin:/usr/sbin:/sbin:/Applications/Little Snitch.app/Contents/Components:/usr/local/share/dotnet:~/.dotnet/tools:/Library/Apple/usr/bin:/Library/Frameworks/Mono.framework/Versions/Current/Commands:/usr/local/sbin:/Applications/Visual Studio Code.app/Contents/Resources/app/bin

Yarn version: 
  1.22.19

Node version: 
  19.7.0

Platform: 
  darwin x64

Trace: 
  TypeError [ERR_UNESCAPED_CHARACTERS]: https://skimdb.npmjs.com/registry/│: Request path contains unescaped characters
      at new NodeError (node:internal/errors:399:5)
      at new ClientRequest (node:_http_client:179:13)
      at Object.request (node:https:360:10)
      at module.exports.Request.start (/usr/local/Cellar/yarn/1.22.19/libexec/lib/cli.js:141452:32)
      at module.exports.Request.end (/usr/local/Cellar/yarn/1.22.19/libexec/lib/cli.js:142211:10)
      at end (/usr/local/Cellar/yarn/1.22.19/libexec/lib/cli.js:141265:14)
      at Immediate.<anonymous> (/usr/local/Cellar/yarn/1.22.19/libexec/lib/cli.js:141279:7)
      at process.processImmediate (node:internal/timers:475:21)

npm manifest: 
  {
    "name": "document",
    "version": "0.0.0",
    "description": "document for Mono-Project",
    "author": "parin.k",
    "license": "ISC",
    "scripts": {
      "dev": "dotnet watch",
      "build": "dotnet publish -o ./app",
      "docker": "docker stop document && docker rm document && docker rmi document && docker build -t document . && yarn docker:run",
      "docker:run": "docker run -d -p 3000:3000 --name document document",
      "prisma:merge": "cat prisma/schema/**.prisma > prisma/schema.prisma",
      "prisma:migrate": "npx prisma migrate dev --name init --schema prisma/schema.prisma",
      "prisma:format": "npx prisma format",
      "prisma:inspect": "npx prisma introspect --schema prisma/schema.prisma",
      "submodule": "yarn submodule:underscore && yarn submodule:webapi && yarn submodule:connector",
      "submodule:underscore": "git submodule add https://codelanding@gitlab.com/mono-libs/underscore.git ./libs/underscore",
      "submodule:webapi": "git submodule add https://codelanding@gitlab.com/mono-libs/service-core.git ./libs/webapi",
      "submodule:connector": "git submodule add https://codelanding@gitlab.com/mono-libs/connector.git ./libs/connector",
      "submodule:update": "git submodule update --init --recursive && git fetch --recurse-submodules",
      "efcore:inspect": "dotnet ef dbcontext scaffold 'Host=localhost;Port=5432;Database=xamdit;Username=postgres;Password=griktvtwi;' Npgsql.EntityFrameworkCore.PostgreSQL -c MyDbContext -o ./entities -f --schema dev",
      "efcore:pull": "dotnet ef migrations add MyMigration",
      "efcore:push": "dotnet ef database update MyMigration",
      "version:major": "npm version major",
      "version:minor": "npm version minor",
      "version:patch": "npm version patch"
    },
    "prisma": {
      "schema": "prisma/schema.prisma"
    },
    "dependencies": {
      "@prisma/client": "4.13.0",
      "@prisma/engines": "^4.7.1"
    },
    "devDependencies": {
      "prisma": "4.13.0"
    }
  }

yarn manifest: 
  No manifest

Lockfile: 
  # THIS IS AN AUTOGENERATED FILE. DO NOT EDIT THIS FILE DIRECTLY.
  # yarn lockfile v1
  
  
  "@prisma/client@4.13.0":
    version "4.13.0"
    resolved "https://registry.yarnpkg.com/@prisma/client/-/client-4.13.0.tgz#271d2b9756503ea17bbdb459c7995536cf2a6191"
    integrity sha512-YaiiICcRB2hatxsbnfB66uWXjcRw3jsZdlAVxmx0cFcTc/Ad/sKdHCcWSnqyDX47vAewkjRFwiLwrOUjswVvmA==
    dependencies:
      "@prisma/engines-version" "4.13.0-50.1e7af066ee9cb95cf3a403c78d9aab3e6b04f37a"
  
  "@prisma/engines-version@4.13.0-50.1e7af066ee9cb95cf3a403c78d9aab3e6b04f37a":
    version "4.13.0-50.1e7af066ee9cb95cf3a403c78d9aab3e6b04f37a"
    resolved "https://registry.yarnpkg.com/@prisma/engines-version/-/engines-version-4.13.0-50.1e7af066ee9cb95cf3a403c78d9aab3e6b04f37a.tgz#ae338908d11685dee50e7683502d75442b955bf9"
    integrity sha512-fsQlbkhPJf08JOzKoyoD9atdUijuGBekwoOPZC3YOygXEml1MTtgXVpnUNchQlRSY82OQ6pSGQ9PxUe4arcSLQ==
  
  "@prisma/engines@4.13.0":
    version "4.13.0"
    resolved "https://registry.yarnpkg.com/@prisma/engines/-/engines-4.13.0.tgz#582a6b90b6efeb0f465984f1fe0e72a4afaaa5ae"
    integrity sha512-HrniowHRZXHuGT9XRgoXEaP2gJLXM5RMoItaY2PkjvuZ+iHc0Zjbm/302MB8YsPdWozAPHHn+jpFEcEn71OgPw==
  
  "@prisma/engines@^4.7.1":
    version "4.16.2"
    resolved "https://registry.yarnpkg.com/@prisma/engines/-/engines-4.16.2.tgz#5ec8dd672c2173d597e469194916ad4826ce2e5f"
    integrity sha512-vx1nxVvN4QeT/cepQce68deh/Turxy5Mr+4L4zClFuK1GlxN3+ivxfuv+ej/gvidWn1cE1uAhW7ALLNlYbRUAw==
  
  prisma@4.13.0:
    version "4.13.0"
    resolved "https://registry.yarnpkg.com/prisma/-/prisma-4.13.0.tgz#0b83f40acf50cd47d7463a135c4e9b275713e602"
    integrity sha512-L9mqjnSmvWIRCYJ9mQkwCtj4+JDYYTdhoyo8hlsHNDXaZLh/b4hR0IoKIBbTKxZuyHQzLopb/+0Rvb69uGV7uA==
    dependencies:
      "@prisma/engines" "4.13.0"
